1638290670.735199 client started (15012): version 3.2a, socket /private/tmp/tmux-502/default, protocol 8
1638290670.735274 on Darwin 21.1.0 Darwin Kernel Version 21.1.0: Wed Oct 13 17:33:23 PDT 2021; root:xnu-8019.41.5~1/RELEASE_X86_64
1638290670.735303 using libevent 2.1.12-stable (select); utf8proc 2.6.1; ncurses 6.2
1638290670.735346 flags are 0x18010000
1638290670.735361 socket is /private/tmp/tmux-502/default
1638290670.735381 trying connect
1638290670.735419 connect failed: No such file or directory
1638290670.735447 lock file is /private/tmp/tmux-502/default.lock
1638290670.735573 flock succeeded
1638290670.735592 got lock (6)
1638290670.735609 trying connect
1638290670.735639 connect failed: No such file or directory
1638290670.736141 add peer 0x7feb2a831000: 7 (0x0)
1638290670.738697 sending message 100 to peer 0x7feb2a831000 (4 bytes)
1638290670.738723 sending message 111 to peer 0x7feb2a831000 (8 bytes)
1638290670.738737 sending message 101 to peer 0x7feb2a831000 (15 bytes)
1638290670.738751 sending message 109 to peer 0x7feb2a831000 (4 bytes)
1638290670.738763 sending message 102 to peer 0x7feb2a831000 (13 bytes)
1638290670.738775 sending message 108 to peer 0x7feb2a831000 (46 bytes)
1638290670.738787 sending message 112 to peer 0x7feb2a831000 (58 bytes)
1638290670.738799 sending message 112 to peer 0x7feb2a831000 (5 bytes)
1638290670.738810 sending message 112 to peer 0x7feb2a831000 (5 bytes)
1638290670.738823 sending message 112 to peer 0x7feb2a831000 (6 bytes)
1638290670.738834 sending message 112 to peer 0x7feb2a831000 (6 bytes)
1638290670.738845 sending message 112 to peer 0x7feb2a831000 (11 bytes)
1638290670.738858 sending message 112 to peer 0x7feb2a831000 (10 bytes)
1638290670.738869 sending message 112 to peer 0x7feb2a831000 (13 bytes)
1638290670.738881 sending message 112 to peer 0x7feb2a831000 (14 bytes)
1638290670.738892 sending message 112 to peer 0x7feb2a831000 (19 bytes)
1638290670.738905 sending message 112 to peer 0x7feb2a831000 (11 bytes)
1638290670.738915 sending message 112 to peer 0x7feb2a831000 (10 bytes)
1638290670.738928 sending message 112 to peer 0x7feb2a831000 (15 bytes)
1638290670.738939 sending message 112 to peer 0x7feb2a831000 (21 bytes)
1638290670.738951 sending message 112 to peer 0x7feb2a831000 (13 bytes)
1638290670.738963 sending message 112 to peer 0x7feb2a831000 (7 bytes)
1638290670.738974 sending message 112 to peer 0x7feb2a831000 (13 bytes)
1638290670.738986 sending message 112 to peer 0x7feb2a831000 (7 bytes)
1638290670.738997 sending message 112 to peer 0x7feb2a831000 (13 bytes)
1638290670.739010 sending message 112 to peer 0x7feb2a831000 (9 bytes)
1638290670.739021 sending message 112 to peer 0x7feb2a831000 (21 bytes)
1638290670.739032 sending message 112 to peer 0x7feb2a831000 (13 bytes)
1638290670.739045 sending message 112 to peer 0x7feb2a831000 (9 bytes)
1638290670.739057 sending message 112 to peer 0x7feb2a831000 (16 bytes)
1638290670.739069 sending message 112 to peer 0x7feb2a831000 (13 bytes)
1638290670.739081 sending message 112 to peer 0x7feb2a831000 (9 bytes)
1638290670.739093 sending message 112 to peer 0x7feb2a831000 (9 bytes)
1638290670.739105 sending message 112 to peer 0x7feb2a831000 (12 bytes)
1638290670.739117 sending message 112 to peer 0x7feb2a831000 (8 bytes)
1638290670.739128 sending message 112 to peer 0x7feb2a831000 (8 bytes)
1638290670.739140 sending message 112 to peer 0x7feb2a831000 (13 bytes)
1638290670.739150 sending message 112 to peer 0x7feb2a831000 (7 bytes)
1638290670.739162 sending message 112 to peer 0x7feb2a831000 (7 bytes)
1638290670.739175 sending message 112 to peer 0x7feb2a831000 (9 bytes)
1638290670.739186 sending message 112 to peer 0x7feb2a831000 (9 bytes)
1638290670.739198 sending message 112 to peer 0x7feb2a831000 (15 bytes)
1638290670.739209 sending message 112 to peer 0x7feb2a831000 (13 bytes)
1638290670.739221 sending message 112 to peer 0x7feb2a831000 (12 bytes)
1638290670.739232 sending message 112 to peer 0x7feb2a831000 (8 bytes)
1638290670.739244 sending message 112 to peer 0x7feb2a831000 (14 bytes)
1638290670.739255 sending message 112 to peer 0x7feb2a831000 (11 bytes)
1638290670.739298 sending message 112 to peer 0x7feb2a831000 (9 bytes)
1638290670.739306 sending message 112 to peer 0x7feb2a831000 (10 bytes)
1638290670.739314 sending message 112 to peer 0x7feb2a831000 (10 bytes)
1638290670.739325 sending message 112 to peer 0x7feb2a831000 (10 bytes)
1638290670.739333 sending message 112 to peer 0x7feb2a831000 (10 bytes)
1638290670.739341 sending message 112 to peer 0x7feb2a831000 (11 bytes)
1638290670.739350 sending message 112 to peer 0x7feb2a831000 (12 bytes)
1638290670.739357 sending message 112 to peer 0x7feb2a831000 (12 bytes)
1638290670.739365 sending message 112 to peer 0x7feb2a831000 (12 bytes)
1638290670.739372 sending message 112 to peer 0x7feb2a831000 (12 bytes)
1638290670.739380 sending message 112 to peer 0x7feb2a831000 (12 bytes)
1638290670.739390 sending message 112 to peer 0x7feb2a831000 (11 bytes)
1638290670.739398 sending message 112 to peer 0x7feb2a831000 (11 bytes)
1638290670.739405 sending message 112 to peer 0x7feb2a831000 (12 bytes)
1638290670.739412 sending message 112 to peer 0x7feb2a831000 (12 bytes)
1638290670.739419 sending message 112 to peer 0x7feb2a831000 (12 bytes)
1638290670.739426 sending message 112 to peer 0x7feb2a831000 (12 bytes)
1638290670.739434 sending message 112 to peer 0x7feb2a831000 (12 bytes)
1638290670.739441 sending message 112 to peer 0x7feb2a831000 (9 bytes)
1638290670.739448 sending message 112 to peer 0x7feb2a831000 (12 bytes)
1638290670.739455 sending message 112 to peer 0x7feb2a831000 (13 bytes)
1638290670.739462 sending message 112 to peer 0x7feb2a831000 (13 bytes)
1638290670.739469 sending message 112 to peer 0x7feb2a831000 (13 bytes)
1638290670.739476 sending message 112 to peer 0x7feb2a831000 (13 bytes)
1638290670.739484 sending message 112 to peer 0x7feb2a831000 (13 bytes)
1638290670.739491 sending message 112 to peer 0x7feb2a831000 (8 bytes)
1638290670.739498 sending message 112 to peer 0x7feb2a831000 (11 bytes)
1638290670.739505 sending message 112 to peer 0x7feb2a831000 (11 bytes)
1638290670.739512 sending message 112 to peer 0x7feb2a831000 (11 bytes)
1638290670.739520 sending message 112 to peer 0x7feb2a831000 (12 bytes)
1638290670.739528 sending message 112 to peer 0x7feb2a831000 (12 bytes)
1638290670.739535 sending message 112 to peer 0x7feb2a831000 (12 bytes)
1638290670.739543 sending message 112 to peer 0x7feb2a831000 (12 bytes)
1638290670.739551 sending message 112 to peer 0x7feb2a831000 (13 bytes)
1638290670.739559 sending message 112 to peer 0x7feb2a831000 (13 bytes)
1638290670.739568 sending message 112 to peer 0x7feb2a831000 (13 bytes)
1638290670.739578 sending message 112 to peer 0x7feb2a831000 (8 bytes)
1638290670.739586 sending message 112 to peer 0x7feb2a831000 (13 bytes)
1638290670.739594 sending message 112 to peer 0x7feb2a831000 (13 bytes)
1638290670.739603 sending message 112 to peer 0x7feb2a831000 (13 bytes)
1638290670.739612 sending message 112 to peer 0x7feb2a831000 (13 bytes)
1638290670.739621 sending message 112 to peer 0x7feb2a831000 (13 bytes)
1638290670.739630 sending message 112 to peer 0x7feb2a831000 (12 bytes)
1638290670.739638 sending message 112 to peer 0x7feb2a831000 (12 bytes)
1638290670.739646 sending message 112 to peer 0x7feb2a831000 (12 bytes)
1638290670.739654 sending message 112 to peer 0x7feb2a831000 (12 bytes)
1638290670.739661 sending message 112 to peer 0x7feb2a831000 (13 bytes)
1638290670.739668 sending message 112 to peer 0x7feb2a831000 (8 bytes)
1638290670.739675 sending message 112 to peer 0x7feb2a831000 (13 bytes)
1638290670.739683 sending message 112 to peer 0x7feb2a831000 (13 bytes)
1638290670.739690 sending message 112 to peer 0x7feb2a831000 (13 bytes)
1638290670.739697 sending message 112 to peer 0x7feb2a831000 (13 bytes)
1638290670.739704 sending message 112 to peer 0x7feb2a831000 (13 bytes)
1638290670.739711 sending message 112 to peer 0x7feb2a831000 (13 bytes)
1638290670.739718 sending message 112 to peer 0x7feb2a831000 (13 bytes)
1638290670.739725 sending message 112 to peer 0x7feb2a831000 (12 bytes)
1638290670.739733 sending message 112 to peer 0x7feb2a831000 (12 bytes)
1638290670.739756 sending message 112 to peer 0x7feb2a831000 (12 bytes)
1638290670.739765 sending message 112 to peer 0x7feb2a831000 (8 bytes)
1638290670.739773 sending message 112 to peer 0x7feb2a831000 (12 bytes)
1638290670.739780 sending message 112 to peer 0x7feb2a831000 (13 bytes)
1638290670.739788 sending message 112 to peer 0x7feb2a831000 (13 bytes)
1638290670.739795 sending message 112 to peer 0x7feb2a831000 (13 bytes)
1638290670.739801 sending message 112 to peer 0x7feb2a831000 (13 bytes)
1638290670.739807 sending message 112 to peer 0x7feb2a831000 (13 bytes)
1638290670.739813 sending message 112 to peer 0x7feb2a831000 (13 bytes)
1638290670.739821 sending message 112 to peer 0x7feb2a831000 (13 bytes)
1638290670.739832 sending message 112 to peer 0x7feb2a831000 (13 bytes)
1638290670.739839 sending message 112 to peer 0x7feb2a831000 (12 bytes)
1638290670.739847 sending message 112 to peer 0x7feb2a831000 (10 bytes)
1638290670.739854 sending message 112 to peer 0x7feb2a831000 (12 bytes)
1638290670.739861 sending message 112 to peer 0x7feb2a831000 (12 bytes)
1638290670.739867 sending message 112 to peer 0x7feb2a831000 (12 bytes)
1638290670.739874 sending message 112 to peer 0x7feb2a831000 (13 bytes)
1638290670.739881 sending message 112 to peer 0x7feb2a831000 (13 bytes)
1638290670.739891 sending message 112 to peer 0x7feb2a831000 (13 bytes)
1638290670.739899 sending message 112 to peer 0x7feb2a831000 (13 bytes)
1638290670.739907 sending message 112 to peer 0x7feb2a831000 (13 bytes)
1638290670.739916 sending message 112 to peer 0x7feb2a831000 (13 bytes)
1638290670.739925 sending message 112 to peer 0x7feb2a831000 (13 bytes)
1638290670.739931 sending message 112 to peer 0x7feb2a831000 (10 bytes)
1638290670.739937 sending message 112 to peer 0x7feb2a831000 (13 bytes)
1638290670.739943 sending message 112 to peer 0x7feb2a831000 (12 bytes)
1638290670.739950 sending message 112 to peer 0x7feb2a831000 (12 bytes)
1638290670.739957 sending message 112 to peer 0x7feb2a831000 (12 bytes)
1638290670.739965 sending message 112 to peer 0x7feb2a831000 (10 bytes)
1638290670.739973 sending message 112 to peer 0x7feb2a831000 (10 bytes)
1638290670.739981 sending message 112 to peer 0x7feb2a831000 (10 bytes)
1638290670.739988 sending message 112 to peer 0x7feb2a831000 (12 bytes)
1638290670.739995 sending message 112 to peer 0x7feb2a831000 (13 bytes)
1638290670.740002 sending message 112 to peer 0x7feb2a831000 (13 bytes)
1638290670.740009 sending message 112 to peer 0x7feb2a831000 (13 bytes)
1638290670.740018 sending message 112 to peer 0x7feb2a831000 (13 bytes)
1638290670.740024 sending message 112 to peer 0x7feb2a831000 (13 bytes)
1638290670.740033 sending message 112 to peer 0x7feb2a831000 (10 bytes)
1638290670.740041 sending message 112 to peer 0x7feb2a831000 (11 bytes)
1638290670.740049 sending message 112 to peer 0x7feb2a831000 (12 bytes)
1638290670.740057 sending message 112 to peer 0x7feb2a831000 (12 bytes)
1638290670.740065 sending message 112 to peer 0x7feb2a831000 (12 bytes)
1638290670.740074 sending message 112 to peer 0x7feb2a831000 (12 bytes)
1638290670.740081 sending message 112 to peer 0x7feb2a831000 (12 bytes)
1638290670.740088 sending message 112 to peer 0x7feb2a831000 (11 bytes)
1638290670.740096 sending message 112 to peer 0x7feb2a831000 (12 bytes)
1638290670.740103 sending message 112 to peer 0x7feb2a831000 (12 bytes)
1638290670.740110 sending message 112 to peer 0x7feb2a831000 (13 bytes)
1638290670.740117 sending message 112 to peer 0x7feb2a831000 (13 bytes)
1638290670.740123 sending message 112 to peer 0x7feb2a831000 (13 bytes)
1638290670.740132 sending message 112 to peer 0x7feb2a831000 (13 bytes)
1638290670.740138 sending message 112 to peer 0x7feb2a831000 (13 bytes)
1638290670.740145 sending message 112 to peer 0x7feb2a831000 (10 bytes)
1638290670.740152 sending message 112 to peer 0x7feb2a831000 (9 bytes)
1638290670.740160 sending message 112 to peer 0x7feb2a831000 (12 bytes)
1638290670.740167 sending message 112 to peer 0x7feb2a831000 (13 bytes)
1638290670.740175 sending message 112 to peer 0x7feb2a831000 (13 bytes)
1638290670.740199 sending message 112 to peer 0x7feb2a831000 (13 bytes)
1638290670.740207 sending message 112 to peer 0x7feb2a831000 (13 bytes)
1638290670.740214 sending message 112 to peer 0x7feb2a831000 (13 bytes)
1638290670.740221 sending message 112 to peer 0x7feb2a831000 (9 bytes)
1638290670.740228 sending message 112 to peer 0x7feb2a831000 (12 bytes)
1638290670.740235 sending message 112 to peer 0x7feb2a831000 (13 bytes)
1638290670.740243 sending message 112 to peer 0x7feb2a831000 (13 bytes)
1638290670.740250 sending message 112 to peer 0x7feb2a831000 (13 bytes)
1638290670.740257 sending message 112 to peer 0x7feb2a831000 (13 bytes)
1638290670.740264 sending message 112 to peer 0x7feb2a831000 (13 bytes)
1638290670.740272 sending message 112 to peer 0x7feb2a831000 (11 bytes)
1638290670.740278 sending message 112 to peer 0x7feb2a831000 (12 bytes)
1638290670.740285 sending message 112 to peer 0x7feb2a831000 (13 bytes)
1638290670.740293 sending message 112 to peer 0x7feb2a831000 (13 bytes)
1638290670.740299 sending message 112 to peer 0x7feb2a831000 (13 bytes)
1638290670.740306 sending message 112 to peer 0x7feb2a831000 (13 bytes)
1638290670.740314 sending message 112 to peer 0x7feb2a831000 (13 bytes)
1638290670.740323 sending message 112 to peer 0x7feb2a831000 (11 bytes)
1638290670.740331 sending message 112 to peer 0x7feb2a831000 (12 bytes)
1638290670.740338 sending message 112 to peer 0x7feb2a831000 (12 bytes)
1638290670.740345 sending message 112 to peer 0x7feb2a831000 (12 bytes)
1638290670.740352 sending message 112 to peer 0x7feb2a831000 (12 bytes)
1638290670.740359 sending message 112 to peer 0x7feb2a831000 (12 bytes)
1638290670.740367 sending message 112 to peer 0x7feb2a831000 (21 bytes)
1638290670.740376 sending message 112 to peer 0x7feb2a831000 (12 bytes)
1638290670.740383 sending message 112 to peer 0x7feb2a831000 (9 bytes)
1638290670.740392 sending message 112 to peer 0x7feb2a831000 (6 bytes)
1638290670.740400 sending message 112 to peer 0x7feb2a831000 (13 bytes)
1638290670.740409 sending message 112 to peer 0x7feb2a831000 (10 bytes)
1638290670.740416 sending message 112 to peer 0x7feb2a831000 (24 bytes)
1638290670.740425 sending message 112 to peer 0x7feb2a831000 (13 bytes)
1638290670.740433 sending message 112 to peer 0x7feb2a831000 (9 bytes)
1638290670.740442 sending message 112 to peer 0x7feb2a831000 (70 bytes)
1638290670.740449 sending message 112 to peer 0x7feb2a831000 (69 bytes)
1638290670.740455 sending message 112 to peer 0x7feb2a831000 (12 bytes)
1638290670.740462 sending message 112 to peer 0x7feb2a831000 (10 bytes)
1638290670.740470 sending message 112 to peer 0x7feb2a831000 (10 bytes)
1638290670.740479 sending message 112 to peer 0x7feb2a831000 (24 bytes)
1638290670.740487 sending message 112 to peer 0x7feb2a831000 (13 bytes)
1638290670.740495 sending message 112 to peer 0x7feb2a831000 (10 bytes)
1638290670.740504 sending message 112 to peer 0x7feb2a831000 (10 bytes)
1638290670.740511 sending message 112 to peer 0x7feb2a831000 (10 bytes)
1638290670.740518 sending message 112 to peer 0x7feb2a831000 (13 bytes)
1638290670.740525 sending message 112 to peer 0x7feb2a831000 (15 bytes)
1638290670.740534 sending message 112 to peer 0x7feb2a831000 (5 bytes)
1638290670.740544 sending message 104 to peer 0x7feb2a831000 (0 bytes)
1638290670.740552 sending message 110 to peer 0x7feb2a831000 (0 bytes)
1638290670.740560 sending message 107 to peer 0x7feb2a831000 (4 bytes)
1638290670.740568 sending message 105 to peer 0x7feb2a831000 (57 bytes)
1638290670.740576 sending message 105 to peer 0x7feb2a831000 (40 bytes)
1638290670.740585 sending message 105 to peer 0x7feb2a831000 (14 bytes)
1638290670.740593 sending message 105 to peer 0x7feb2a831000 (20 bytes)
1638290670.740602 sending message 105 to peer 0x7feb2a831000 (66 bytes)
1638290670.740611 sending message 105 to peer 0x7feb2a831000 (19 bytes)
1638290670.740621 sending message 105 to peer 0x7feb2a831000 (28 bytes)
1638290670.740629 sending message 105 to peer 0x7feb2a831000 (25 bytes)
1638290670.740635 sending message 105 to peer 0x7feb2a831000 (53 bytes)
1638290670.740658 sending message 105 to peer 0x7feb2a831000 (15 bytes)
1638290670.740665 sending message 105 to peer 0x7feb2a831000 (17 bytes)
1638290670.740673 sending message 105 to peer 0x7feb2a831000 (13 bytes)
1638290670.740680 sending message 105 to peer 0x7feb2a831000 (10 bytes)
1638290670.740689 sending message 105 to peer 0x7feb2a831000 (201 bytes)
1638290670.740697 sending message 105 to peer 0x7feb2a831000 (8 bytes)
1638290670.740705 sending message 105 to peer 0x7feb2a831000 (50 bytes)
1638290670.740713 sending message 105 to peer 0x7feb2a831000 (49 bytes)
1638290670.740721 sending message 105 to peer 0x7feb2a831000 (13 bytes)
1638290670.740729 sending message 105 to peer 0x7feb2a831000 (12 bytes)
1638290670.740738 sending message 105 to peer 0x7feb2a831000 (12 bytes)
1638290670.740747 sending message 105 to peer 0x7feb2a831000 (11 bytes)
1638290670.740756 sending message 105 to peer 0x7feb2a831000 (31 bytes)
1638290670.740764 sending message 105 to peer 0x7feb2a831000 (25 bytes)
1638290670.740772 sending message 105 to peer 0x7feb2a831000 (25 bytes)
1638290670.740781 sending message 105 to peer 0x7feb2a831000 (21 bytes)
1638290670.740788 sending message 105 to peer 0x7feb2a831000 (21 bytes)
1638290670.740795 sending message 105 to peer 0x7feb2a831000 (28 bytes)
1638290670.740802 sending message 105 to peer 0x7feb2a831000 (21 bytes)
1638290670.740808 sending message 105 to peer 0x7feb2a831000 (25 bytes)
1638290670.740816 sending message 105 to peer 0x7feb2a831000 (32 bytes)
1638290670.740822 sending message 105 to peer 0x7feb2a831000 (17 bytes)
1638290670.740830 sending message 105 to peer 0x7feb2a831000 (21 bytes)
1638290670.740840 sending message 105 to peer 0x7feb2a831000 (17 bytes)
1638290670.740849 sending message 105 to peer 0x7feb2a831000 (15 bytes)
1638290670.740857 sending message 105 to peer 0x7feb2a831000 (22 bytes)
1638290670.740864 sending message 106 to peer 0x7feb2a831000 (0 bytes)
1638290670.740883 sending message 200 to peer 0x7feb2a831000 (4 bytes)
1638290670.740893 client loop enter
1638290670.740985 client_signal: Child exited: 20
1638290670.821751 peer 0x7feb2a831000 message 207
1638290670.821776 sending message 208 to peer 0x7feb2a831000 (0 bytes)
1638290785.320809 peer 0x7feb2a831000 message 201
1638290785.320872 sending message 205 to peer 0x7feb2a831000 (0 bytes)
1638290785.321441 peer 0x7feb2a831000 message 204
1638290785.321484 client loop exit
